2026-05-28 07:38:53 [main] INFO  c.i.i.auth.AuthControllerTest - Starting AuthControllerTest using Java 25.0.1 with PID 30176 (started by Usuario in C:\Users\Usuario\Desktop\Invernadero automatizado\Backend\invernadero-backend)
2026-05-28 07:38:53 [main] INFO  c.i.i.auth.AuthControllerTest - The following 1 profile is active: "test"
2026-05-28 07:38:56 [main] WARN  org.hibernate.orm.deprecation - HHH90000025: H2Dialect does not need to be specified explicitly using 'hibernate.dialect' (remove the property setting and it will be selected by default)
2026-05-28 07:38:57 [main] DEBUG org.hibernate.SQL - 
    drop table if exists alerta cascade 
2026-05-28 07:38:57 [main] DEBUG org.hibernate.SQL - 
    drop table if exists aplicacion_insumo cascade 
2026-05-28 07:38:57 [main] DEBUG org.hibernate.SQL - 
    drop table if exists cosecha cascade 
2026-05-28 07:38:57 [main] DEBUG org.hibernate.SQL - 
    drop table if exists cultivo cascade 
2026-05-28 07:38:57 [main] DEBUG org.hibernate.SQL - 
    drop table if exists insumo cascade 
2026-05-28 07:38:57 [main] DEBUG org.hibernate.SQL - 
    drop table if exists invernadero cascade 
2026-05-28 07:38:57 [main] DEBUG org.hibernate.SQL - 
    drop table if exists lectura_sensor cascade 
2026-05-28 07:38:57 [main] DEBUG org.hibernate.SQL - 
    drop table if exists riego cascade 
2026-05-28 07:38:57 [main] DEBUG org.hibernate.SQL - 
    drop table if exists sensor cascade 
2026-05-28 07:38:57 [main] DEBUG org.hibernate.SQL - 
    drop table if exists siembra cascade 
2026-05-28 07:38:57 [main] DEBUG org.hibernate.SQL - 
    drop table if exists usuario cascade 
2026-05-28 07:38:57 [main] DEBUG org.hibernate.SQL - 
    drop table if exists zona cascade 
2026-05-28 07:38:57 [main] DEBUG org.hibernate.SQL - 
    create table alerta (
        id_alerta integer generated by default as identity,
        id_sensor integer,
        id_zona integer,
        resuelta boolean not null,
        fecha_hora timestamp(6) not null,
        fecha_resolucion timestamp(6),
        nivel varchar(20) not null check (nivel in ('INFORMATIVA','ADVERTENCIA','CRITICA')),
        tipo_alerta varchar(50) not null check (tipo_alerta in ('TEMPERATURA_ALTA','TEMPERATURA_BAJA','HUMEDAD_ALTA','HUMEDAD_BAJA','CO2_ALTO','PH_FUERA_RANGO','FALLA_SENSOR','PLAGA_ENFERMEDAD')),
        descripcion varchar(255) not null,
        primary key (id_alerta)
    )
2026-05-28 07:38:57 [main] DEBUG org.hibernate.SQL - 
    create table aplicacion_insumo (
        cantidad numeric(38,2) not null,
        id_aplicacion integer generated by default as identity,
        id_insumo integer not null,
        id_siembra integer,
        id_usuario integer not null,
        id_zona integer,
        fecha_hora timestamp(6) not null,
        metodo varchar(50) check (metodo in ('FOLIAR','RIEGO','SUELO','INYECCION')),
        observaciones varchar(255),
        primary key (id_aplicacion)
    )
2026-05-28 07:38:57 [main] DEBUG org.hibernate.SQL - 
    create table cosecha (
        cantidad_kg numeric(38,2) not null,
        fecha_cosecha date not null,
        id_cosecha integer generated by default as identity,
        id_siembra integer not null,
        id_usuario integer not null,
        calidad varchar(20) check (calidad in ('PREMIUM','ESTANDAR','SEGUNDA','DESCARTE')),
        observaciones varchar(255),
        primary key (id_cosecha)
    )
2026-05-28 07:38:57 [main] DEBUG org.hibernate.SQL - 
    create table cultivo (
        dias_ciclo integer,
        humedad_max_pct numeric(38,2),
        humedad_min_pct numeric(38,2),
        id_cultivo integer generated by default as identity,
        temp_max_c numeric(38,2),
        temp_min_c numeric(38,2),
        tipo varchar(50) not null check (tipo in ('HORTALIZA','FRUTA','FLOR','HIERBA','OTRO')),
        nombre_comun varchar(100) not null,
        nombre_cientifico varchar(150),
        descripcion varchar(255),
        primary key (id_cultivo)
    )
2026-05-28 07:38:57 [main] DEBUG org.hibernate.SQL - 
    create table insumo (
        id_insumo integer generated by default as identity,
        stock_actual numeric(38,2) not null,
        stock_minimo numeric(38,2),
        unidad varchar(20) not null check (unidad in ('kg','g','L','mL','unidad')),
        tipo varchar(50) not null check (tipo in ('FERTILIZANTE','PESTICIDA','FUNGICIDA','SUSTRATO','AGUA','OTRO')),
        nombre varchar(100) not null,
        descripcion varchar(255),
        primary key (id_insumo)
    )
2026-05-28 07:38:57 [main] DEBUG org.hibernate.SQL - 
    create table invernadero (
        area_m2 numeric(38,2) not null,
        fecha_creacion date not null,
        id_invernadero integer generated by default as identity,
        responsable_id integer not null,
        estado varchar(20) not null check (estado in ('ACTIVO','INACTIVO','MANTENIMIENTO')),
        tipo_estructura varchar(50) check (tipo_estructura in ('VIDRIO','POLICARBONATO','MALLA','PLASTICO')),
        nombre varchar(100) not null,
        ubicacion varchar(200) not null,
        primary key (id_invernadero)
    )
2026-05-28 07:38:57 [main] DEBUG org.hibernate.SQL - 
    create table lectura_sensor (
        genera_alerta boolean not null,
        id_lectura integer generated by default as identity,
        id_sensor integer not null,
        valor numeric(38,2) not null,
        fecha_hora timestamp(6) not null,
        primary key (id_lectura)
    )
2026-05-28 07:38:57 [main] DEBUG org.hibernate.SQL - 
    create table riego (
        duracion_min integer not null,
        id_riego integer generated by default as identity,
        id_usuario integer,
        id_zona integer not null,
        volumen_litros numeric(38,2),
        fecha_hora timestamp(6) not null,
        tipo varchar(20) not null check (tipo in ('AUTOMATICO','MANUAL')),
        observaciones varchar(255),
        primary key (id_riego)
    )
2026-05-28 07:38:57 [main] DEBUG org.hibernate.SQL - 
    create table sensor (
        fecha_instalacion date,
        id_sensor integer generated by default as identity,
        id_zona integer not null,
        estado varchar(20) not null check (estado in ('ACTIVO','INACTIVO','FALLA')),
        unidad_medida varchar(20) not null,
        tipo_sensor varchar(50) not null check (tipo_sensor in ('TEMPERATURA','HUMEDAD','CO2','LUMINOSIDAD','PH','HUMEDAD_SUELO')),
        modelo varchar(100),
        primary key (id_sensor)
    )
2026-05-28 07:38:57 [main] DEBUG org.hibernate.SQL - 
    create table siembra (
        cantidad_plantas integer not null,
        fecha_cosecha_estimada date,
        fecha_siembra date not null,
        id_cultivo integer not null,
        id_siembra integer generated by default as identity,
        id_usuario integer not null,
        id_zona integer not null,
        estado varchar(30) not null check (estado in ('EN_CRECIMIENTO','COSECHADO','PERDIDO','EN_CUARENTENA')),
        observaciones varchar(255),
        primary key (id_siembra)
    )
2026-05-28 07:38:57 [main] DEBUG org.hibernate.SQL - 
    create table usuario (
        activo boolean not null,
        fecha_registro date not null,
        id_usuario integer generated by default as identity,
        proveedor_oauth varchar(30) check (proveedor_oauth in ('LOCAL','GOOGLE')),
        rol varchar(30) not null check (rol in ('ADMINISTRADOR','TECNICO','OPERARIO','VISUALIZADOR')),
        apellido varchar(100) not null,
        nombre varchar(100) not null,
        email varchar(150) not null unique,
        password_hash varchar(255),
        primary key (id_usuario)
    )
2026-05-28 07:38:57 [main] DEBUG org.hibernate.SQL - 
    create table zona (
        area_m2 numeric(38,2),
        id_invernadero integer not null,
        id_zona integer generated by default as identity,
        nombre_zona varchar(100) not null,
        descripcion varchar(255),
        primary key (id_zona)
    )
2026-05-28 07:38:57 [main] DEBUG org.hibernate.SQL - 
    alter table if exists alerta 
       add constraint FKcnl0hmvpcs6vi1d3pqbt72h5 
       foreign key (id_sensor) 
       references sensor
2026-05-28 07:38:57 [main] DEBUG org.hibernate.SQL - 
    alter table if exists alerta 
       add constraint FK5jb5wphsd1l7p0ie5bqj01xhu 
       foreign key (id_zona) 
       references zona
2026-05-28 07:38:57 [main] DEBUG org.hibernate.SQL - 
    alter table if exists aplicacion_insumo 
       add constraint FKe2pd377u4y3q4e1fo1hv2pffb 
       foreign key (id_insumo) 
       references insumo
2026-05-28 07:38:57 [main] DEBUG org.hibernate.SQL - 
    alter table if exists aplicacion_insumo 
       add constraint FKqvhpcrccp6l1oxqw8hjpuqub8 
       foreign key (id_siembra) 
       references siembra
2026-05-28 07:38:57 [main] DEBUG org.hibernate.SQL - 
    alter table if exists aplicacion_insumo 
       add constraint FK4eet376ddx3v02okd3mrsdh0e 
       foreign key (id_usuario) 
       references usuario
2026-05-28 07:38:57 [main] DEBUG org.hibernate.SQL - 
    alter table if exists aplicacion_insumo 
       add constraint FK21klspp1iynjmmb7d7jlt04oy 
       foreign key (id_zona) 
       references zona
2026-05-28 07:38:57 [main] DEBUG org.hibernate.SQL - 
    alter table if exists cosecha 
       add constraint FKsn4nbc3arfrjjew7rfvi0th44 
       foreign key (id_siembra) 
       references siembra
2026-05-28 07:38:57 [main] DEBUG org.hibernate.SQL - 
    alter table if exists cosecha 
       add constraint FKbf4vqn6dd0vw3ydcl3smngd61 
       foreign key (id_usuario) 
       references usuario
2026-05-28 07:38:57 [main] DEBUG org.hibernate.SQL - 
    alter table if exists invernadero 
       add constraint FKdxokdh0nnkeuvln4mqjofico 
       foreign key (responsable_id) 
       references usuario
2026-05-28 07:38:57 [main] DEBUG org.hibernate.SQL - 
    alter table if exists lectura_sensor 
       add constraint FK89gg88nhvva88e2q5f6q575og 
       foreign key (id_sensor) 
       references sensor
2026-05-28 07:38:57 [main] DEBUG org.hibernate.SQL - 
    alter table if exists riego 
       add constraint FKbqpr3bb2h33mcj785q02v8v2t 
       foreign key (id_usuario) 
       references usuario
2026-05-28 07:38:57 [main] DEBUG org.hibernate.SQL - 
    alter table if exists riego 
       add constraint FKbdrr4gx88k3nw5kd34gyufnd2 
       foreign key (id_zona) 
       references zona
2026-05-28 07:38:57 [main] DEBUG org.hibernate.SQL - 
    alter table if exists sensor 
       add constraint FK2393tqld5hg4hbtojlqau8h7r 
       foreign key (id_zona) 
       references zona
2026-05-28 07:38:57 [main] DEBUG org.hibernate.SQL - 
    alter table if exists siembra 
       add constraint FK9qltcv7297y3fmeabfbv8q70l 
       foreign key (id_cultivo) 
       references cultivo
2026-05-28 07:38:57 [main] DEBUG org.hibernate.SQL - 
    alter table if exists siembra 
       add constraint FK7xe7pf30qat10dxcpfhk1j2xa 
       foreign key (id_usuario) 
       references usuario
2026-05-28 07:38:57 [main] DEBUG org.hibernate.SQL - 
    alter table if exists siembra 
       add constraint FKqlch7ecw90qbqlfq179s7fa 
       foreign key (id_zona) 
       references zona
2026-05-28 07:38:57 [main] DEBUG org.hibernate.SQL - 
    alter table if exists zona 
       add constraint FK3cwosls4tdfy74xjrua5m8o4v 
       foreign key (id_invernadero) 
       references invernadero
2026-05-28 07:38:58 [main] WARN  o.s.b.a.o.j.JpaBaseConfiguration$JpaWebConfiguration - spring.jpa.open-in-view is enabled by default. Therefore, database queries may be performed during view rendering. Explicitly configure spring.jpa.open-in-view to disable this warning
2026-05-28 07:38:59 [main] INFO  o.s.s.web.DefaultSecurityFilterChain - Will secure any request with [org.springframework.security.web.session.DisableEncodeUrlFilter@2ff4d61b, org.springframework.security.web.context.request.async.WebAsyncManagerIntegrationFilter@dfe2875, org.springframework.security.web.context.SecurityContextHolderFilter@5292d417, org.springframework.security.web.header.HeaderWriterFilter@1c0f32ad, org.springframework.web.filter.CorsFilter@402fcf14, org.springframework.security.web.authentication.logout.LogoutFilter@67b5da40, com.invernadero.invernadero_backend.auth.infrastructure.security.JwtAuthenticationFilter@335a45a8, org.springframework.security.web.savedrequest.RequestCacheAwareFilter@5aef36a9, org.springframework.security.web.servletapi.SecurityContextHolderAwareRequestFilter@19544627, org.springframework.security.web.authentication.AnonymousAuthenticationFilter@517d68b8, org.springframework.security.web.session.SessionManagementFilter@3220ffb, org.springframework.security.web.access.ExceptionTranslationFilter@50c20b15, org.springframework.security.web.access.intercept.AuthorizationFilter@10f64bc3]
2026-05-28 07:38:59 [main] INFO  c.i.i.auth.AuthControllerTest - Started AuthControllerTest in 6.579 seconds (process running for 7.62)
2026-05-28 07:39:00 [main] DEBUG o.s.security.web.FilterChainProxy - Securing POST /auth/login
2026-05-28 07:39:00 [main] DEBUG o.s.s.w.a.AnonymousAuthenticationFilter - Set SecurityContextHolder to anonymous SecurityContext
2026-05-28 07:39:00 [main] DEBUG o.s.security.web.FilterChainProxy - Secured POST /auth/login
2026-05-28 07:39:00 [main] DEBUG org.hibernate.SQL - 
    /* <criteria> */ select
        u1_0.id_usuario,
        u1_0.activo,
        u1_0.apellido,
        u1_0.email,
        u1_0.fecha_registro,
        u1_0.nombre,
        u1_0.password_hash,
        u1_0.proveedor_oauth,
        u1_0.rol 
    from
        usuario u1_0 
    where
        u1_0.email=?
2026-05-28 07:39:00 [main] DEBUG o.s.s.a.d.DaoAuthenticationProvider - Failed to find user 'noexiste@invernadero.com'
2026-05-28 07:39:00 [main] DEBUG o.s.security.web.FilterChainProxy - Securing POST /auth/register
2026-05-28 07:39:00 [main] DEBUG o.s.s.w.a.AnonymousAuthenticationFilter - Set SecurityContextHolder to anonymous SecurityContext
2026-05-28 07:39:00 [main] DEBUG o.s.security.web.FilterChainProxy - Secured POST /auth/register
2026-05-28 07:39:00 [main] DEBUG org.hibernate.SQL - 
    /* <criteria> */ select
        u1_0.id_usuario 
    from
        usuario u1_0 
    where
        u1_0.email=? 
    fetch
        first ? rows only
2026-05-28 07:39:00 [main] DEBUG org.hibernate.SQL - 
    /* insert for
        com.invernadero.invernadero_backend.auth.domain.model.Usuario */insert 
    into
        usuario (activo, apellido, email, fecha_registro, nombre, password_hash, proveedor_oauth, rol, id_usuario) 
    values
        (?, ?, ?, ?, ?, ?, ?, ?, default)
2026-05-28 07:39:01 [main] DEBUG o.s.security.web.FilterChainProxy - Securing POST /auth/login
2026-05-28 07:39:01 [main] DEBUG o.s.s.w.a.AnonymousAuthenticationFilter - Set SecurityContextHolder to anonymous SecurityContext
2026-05-28 07:39:01 [main] DEBUG o.s.security.web.FilterChainProxy - Secured POST /auth/login
2026-05-28 07:39:01 [main] DEBUG org.hibernate.SQL - 
    /* <criteria> */ select
        u1_0.id_usuario,
        u1_0.activo,
        u1_0.apellido,
        u1_0.email,
        u1_0.fecha_registro,
        u1_0.nombre,
        u1_0.password_hash,
        u1_0.proveedor_oauth,
        u1_0.rol 
    from
        usuario u1_0 
    where
        u1_0.email=?
2026-05-28 07:39:01 [main] DEBUG o.s.s.a.d.DaoAuthenticationProvider - Authenticated user
2026-05-28 07:39:01 [main] DEBUG org.hibernate.SQL - 
    /* <criteria> */ select
        u1_0.id_usuario,
        u1_0.activo,
        u1_0.apellido,
        u1_0.email,
        u1_0.fecha_registro,
        u1_0.nombre,
        u1_0.password_hash,
        u1_0.proveedor_oauth,
        u1_0.rol 
    from
        usuario u1_0 
    where
        u1_0.email=?
2026-05-28 07:39:01 [main] DEBUG o.s.security.web.FilterChainProxy - Securing POST /auth/register
2026-05-28 07:39:01 [main] DEBUG o.s.s.w.a.AnonymousAuthenticationFilter - Set SecurityContextHolder to anonymous SecurityContext
2026-05-28 07:39:01 [main] DEBUG o.s.security.web.FilterChainProxy - Secured POST /auth/register
2026-05-28 07:39:01 [main] DEBUG org.hibernate.SQL - 
    /* <criteria> */ select
        u1_0.id_usuario 
    from
        usuario u1_0 
    where
        u1_0.email=? 
    fetch
        first ? rows only
2026-05-28 07:39:01 [main] DEBUG org.hibernate.SQL - 
    /* insert for
        com.invernadero.invernadero_backend.auth.domain.model.Usuario */insert 
    into
        usuario (activo, apellido, email, fecha_registro, nombre, password_hash, proveedor_oauth, rol, id_usuario) 
    values
        (?, ?, ?, ?, ?, ?, ?, ?, default)
2026-05-28 07:39:01 [main] DEBUG o.s.security.web.FilterChainProxy - Securing POST /auth/register
2026-05-28 07:39:01 [main] DEBUG o.s.s.w.a.AnonymousAuthenticationFilter - Set SecurityContextHolder to anonymous SecurityContext
2026-05-28 07:39:01 [main] DEBUG o.s.security.web.FilterChainProxy - Secured POST /auth/register
2026-05-28 07:39:01 [main] DEBUG org.hibernate.SQL - 
    /* <criteria> */ select
        u1_0.id_usuario 
    from
        usuario u1_0 
    where
        u1_0.email=? 
    fetch
        first ? rows only
2026-05-28 07:39:01 [main] DEBUG o.s.security.web.FilterChainProxy - Securing POST /auth/register
2026-05-28 07:39:01 [main] DEBUG o.s.s.w.a.AnonymousAuthenticationFilter - Set SecurityContextHolder to anonymous SecurityContext
2026-05-28 07:39:01 [main] DEBUG o.s.security.web.FilterChainProxy - Secured POST /auth/register
2026-05-28 07:39:01 [main] DEBUG org.hibernate.SQL - 
    /* <criteria> */ select
        u1_0.id_usuario 
    from
        usuario u1_0 
    where
        u1_0.email=? 
    fetch
        first ? rows only
2026-05-28 07:39:01 [main] DEBUG org.hibernate.SQL - 
    /* insert for
        com.invernadero.invernadero_backend.auth.domain.model.Usuario */insert 
    into
        usuario (activo, apellido, email, fecha_registro, nombre, password_hash, proveedor_oauth, rol, id_usuario) 
    values
        (?, ?, ?, ?, ?, ?, ?, ?, default)
2026-05-28 07:39:01 [main] DEBUG o.s.security.web.FilterChainProxy - Securing POST /auth/register
2026-05-28 07:39:01 [main] DEBUG o.s.s.w.a.AnonymousAuthenticationFilter - Set SecurityContextHolder to anonymous SecurityContext
2026-05-28 07:39:01 [main] DEBUG o.s.security.web.FilterChainProxy - Secured POST /auth/register
2026-05-28 07:39:01 [main] DEBUG o.s.security.web.FilterChainProxy - Securing POST /auth/register
2026-05-28 07:39:01 [main] DEBUG o.s.s.w.a.AnonymousAuthenticationFilter - Set SecurityContextHolder to anonymous SecurityContext
2026-05-28 07:39:01 [main] DEBUG o.s.security.web.FilterChainProxy - Secured POST /auth/register
2026-05-28 07:39:01 [main] DEBUG org.hibernate.SQL - 
    /* <criteria> */ select
        u1_0.id_usuario 
    from
        usuario u1_0 
    where
        u1_0.email=? 
    fetch
        first ? rows only
2026-05-28 07:39:01 [main] DEBUG org.hibernate.SQL - 
    /* insert for
        com.invernadero.invernadero_backend.auth.domain.model.Usuario */insert 
    into
        usuario (activo, apellido, email, fecha_registro, nombre, password_hash, proveedor_oauth, rol, id_usuario) 
    values
        (?, ?, ?, ?, ?, ?, ?, ?, default)
2026-05-28 07:39:01 [main] DEBUG o.s.security.web.FilterChainProxy - Securing POST /invernadero
2026-05-28 07:39:01 [main] DEBUG org.hibernate.SQL - 
    /* <criteria> */ select
        u1_0.id_usuario,
        u1_0.activo,
        u1_0.apellido,
        u1_0.email,
        u1_0.fecha_registro,
        u1_0.nombre,
        u1_0.password_hash,
        u1_0.proveedor_oauth,
        u1_0.rol 
    from
        usuario u1_0 
    where
        u1_0.email=?
2026-05-28 07:39:01 [main] DEBUG o.s.security.web.FilterChainProxy - Secured POST /invernadero
2026-05-28 07:39:01 [main] DEBUG org.hibernate.SQL - 
    /* insert for
        com.invernadero.invernadero_backend.invernadero.domain.model.Invernadero */insert 
    into
        invernadero (area_m2, estado, fecha_creacion, nombre, responsable_id, tipo_estructura, ubicacion, id_invernadero) 
    values
        (?, ?, ?, ?, ?, ?, ?, default)
2026-05-28 07:39:01 [main] DEBUG o.s.security.web.FilterChainProxy - Securing DELETE /invernadero/1
2026-05-28 07:39:01 [main] DEBUG org.hibernate.SQL - 
    /* <criteria> */ select
        u1_0.id_usuario,
        u1_0.activo,
        u1_0.apellido,
        u1_0.email,
        u1_0.fecha_registro,
        u1_0.nombre,
        u1_0.password_hash,
        u1_0.proveedor_oauth,
        u1_0.rol 
    from
        usuario u1_0 
    where
        u1_0.email=?
2026-05-28 07:39:01 [main] DEBUG o.s.security.web.FilterChainProxy - Secured DELETE /invernadero/1
2026-05-28 07:39:01 [main] DEBUG org.hibernate.SQL - 
    /* select
        count(*) 
    from
        Invernadero x 
    WHERE
        x.idInvernadero = :idInvernadero */ select
            count(*) 
        from
            invernadero i1_0 
        where
            i1_0.id_invernadero=?
2026-05-28 07:39:01 [main] DEBUG o.s.security.web.FilterChainProxy - Securing GET /invernadero/1
2026-05-28 07:39:01 [main] DEBUG org.hibernate.SQL - 
    /* <criteria> */ select
        u1_0.id_usuario,
        u1_0.activo,
        u1_0.apellido,
        u1_0.email,
        u1_0.fecha_registro,
        u1_0.nombre,
        u1_0.password_hash,
        u1_0.proveedor_oauth,
        u1_0.rol 
    from
        usuario u1_0 
    where
        u1_0.email=?
2026-05-28 07:39:01 [main] DEBUG o.s.security.web.FilterChainProxy - Secured GET /invernadero/1
2026-05-28 07:39:01 [main] DEBUG o.s.security.web.FilterChainProxy - Securing POST /auth/register
2026-05-28 07:39:01 [main] DEBUG o.s.s.w.a.AnonymousAuthenticationFilter - Set SecurityContextHolder to anonymous SecurityContext
2026-05-28 07:39:01 [main] DEBUG o.s.security.web.FilterChainProxy - Secured POST /auth/register
2026-05-28 07:39:01 [main] DEBUG org.hibernate.SQL - 
    /* <criteria> */ select
        u1_0.id_usuario 
    from
        usuario u1_0 
    where
        u1_0.email=? 
    fetch
        first ? rows only
2026-05-28 07:39:01 [main] DEBUG org.hibernate.SQL - 
    /* insert for
        com.invernadero.invernadero_backend.auth.domain.model.Usuario */insert 
    into
        usuario (activo, apellido, email, fecha_registro, nombre, password_hash, proveedor_oauth, rol, id_usuario) 
    values
        (?, ?, ?, ?, ?, ?, ?, ?, default)
2026-05-28 07:39:01 [main] DEBUG o.s.security.web.FilterChainProxy - Securing GET /invernadero
2026-05-28 07:39:01 [main] DEBUG o.s.s.w.a.AnonymousAuthenticationFilter - Set SecurityContextHolder to anonymous SecurityContext
2026-05-28 07:39:01 [main] DEBUG o.s.security.web.FilterChainProxy - Securing POST /auth/register
2026-05-28 07:39:01 [main] DEBUG o.s.s.w.a.AnonymousAuthenticationFilter - Set SecurityContextHolder to anonymous SecurityContext
2026-05-28 07:39:01 [main] DEBUG o.s.security.web.FilterChainProxy - Secured POST /auth/register
2026-05-28 07:39:01 [main] DEBUG org.hibernate.SQL - 
    /* <criteria> */ select
        u1_0.id_usuario 
    from
        usuario u1_0 
    where
        u1_0.email=? 
    fetch
        first ? rows only
2026-05-28 07:39:02 [main] DEBUG org.hibernate.SQL - 
    /* insert for
        com.invernadero.invernadero_backend.auth.domain.model.Usuario */insert 
    into
        usuario (activo, apellido, email, fecha_registro, nombre, password_hash, proveedor_oauth, rol, id_usuario) 
    values
        (?, ?, ?, ?, ?, ?, ?, ?, default)
2026-05-28 07:39:02 [main] DEBUG o.s.security.web.FilterChainProxy - Securing POST /invernadero
2026-05-28 07:39:02 [main] DEBUG org.hibernate.SQL - 
    /* <criteria> */ select
        u1_0.id_usuario,
        u1_0.activo,
        u1_0.apellido,
        u1_0.email,
        u1_0.fecha_registro,
        u1_0.nombre,
        u1_0.password_hash,
        u1_0.proveedor_oauth,
        u1_0.rol 
    from
        usuario u1_0 
    where
        u1_0.email=?
2026-05-28 07:39:02 [main] DEBUG o.s.security.web.FilterChainProxy - Secured POST /invernadero
2026-05-28 07:39:02 [main] DEBUG org.hibernate.SQL - 
    /* insert for
        com.invernadero.invernadero_backend.invernadero.domain.model.Invernadero */insert 
    into
        invernadero (area_m2, estado, fecha_creacion, nombre, responsable_id, tipo_estructura, ubicacion, id_invernadero) 
    values
        (?, ?, ?, ?, ?, ?, ?, default)
2026-05-28 07:39:02 [main] DEBUG o.s.security.web.FilterChainProxy - Securing POST /auth/register
2026-05-28 07:39:02 [main] DEBUG o.s.s.w.a.AnonymousAuthenticationFilter - Set SecurityContextHolder to anonymous SecurityContext
2026-05-28 07:39:02 [main] DEBUG o.s.security.web.FilterChainProxy - Secured POST /auth/register
2026-05-28 07:39:02 [main] DEBUG org.hibernate.SQL - 
    /* <criteria> */ select
        u1_0.id_usuario 
    from
        usuario u1_0 
    where
        u1_0.email=? 
    fetch
        first ? rows only
2026-05-28 07:39:02 [main] DEBUG org.hibernate.SQL - 
    /* insert for
        com.invernadero.invernadero_backend.auth.domain.model.Usuario */insert 
    into
        usuario (activo, apellido, email, fecha_registro, nombre, password_hash, proveedor_oauth, rol, id_usuario) 
    values
        (?, ?, ?, ?, ?, ?, ?, ?, default)
2026-05-28 07:39:02 [main] DEBUG o.s.security.web.FilterChainProxy - Securing POST /invernadero
2026-05-28 07:39:02 [main] DEBUG org.hibernate.SQL - 
    /* <criteria> */ select
        u1_0.id_usuario,
        u1_0.activo,
        u1_0.apellido,
        u1_0.email,
        u1_0.fecha_registro,
        u1_0.nombre,
        u1_0.password_hash,
        u1_0.proveedor_oauth,
        u1_0.rol 
    from
        usuario u1_0 
    where
        u1_0.email=?
2026-05-28 07:39:02 [main] DEBUG o.s.security.web.FilterChainProxy - Secured POST /invernadero
2026-05-28 07:39:02 [main] DEBUG org.hibernate.SQL - 
    /* insert for
        com.invernadero.invernadero_backend.invernadero.domain.model.Invernadero */insert 
    into
        invernadero (area_m2, estado, fecha_creacion, nombre, responsable_id, tipo_estructura, ubicacion, id_invernadero) 
    values
        (?, ?, ?, ?, ?, ?, ?, default)
2026-05-28 07:39:02 [main] DEBUG o.s.security.web.FilterChainProxy - Securing GET /invernadero
2026-05-28 07:39:02 [main] DEBUG org.hibernate.SQL - 
    /* <criteria> */ select
        u1_0.id_usuario,
        u1_0.activo,
        u1_0.apellido,
        u1_0.email,
        u1_0.fecha_registro,
        u1_0.nombre,
        u1_0.password_hash,
        u1_0.proveedor_oauth,
        u1_0.rol 
    from
        usuario u1_0 
    where
        u1_0.email=?
2026-05-28 07:39:02 [main] DEBUG o.s.security.web.FilterChainProxy - Secured GET /invernadero
2026-05-28 07:39:02 [main] DEBUG org.hibernate.SQL - 
    /* <criteria> */ select
        i1_0.id_invernadero,
        i1_0.area_m2,
        i1_0.estado,
        i1_0.fecha_creacion,
        i1_0.nombre,
        i1_0.responsable_id,
        i1_0.tipo_estructura,
        i1_0.ubicacion 
    from
        invernadero i1_0 
    offset
        ? rows 
    fetch
        first ? rows only
2026-05-28 07:39:02 [main] DEBUG o.s.security.web.FilterChainProxy - Securing POST /auth/register
2026-05-28 07:39:02 [main] DEBUG o.s.s.w.a.AnonymousAuthenticationFilter - Set SecurityContextHolder to anonymous SecurityContext
2026-05-28 07:39:02 [main] DEBUG o.s.security.web.FilterChainProxy - Secured POST /auth/register
2026-05-28 07:39:02 [main] DEBUG org.hibernate.SQL - 
    /* <criteria> */ select
        u1_0.id_usuario 
    from
        usuario u1_0 
    where
        u1_0.email=? 
    fetch
        first ? rows only
2026-05-28 07:39:02 [main] DEBUG org.hibernate.SQL - 
    /* insert for
        com.invernadero.invernadero_backend.auth.domain.model.Usuario */insert 
    into
        usuario (activo, apellido, email, fecha_registro, nombre, password_hash, proveedor_oauth, rol, id_usuario) 
    values
        (?, ?, ?, ?, ?, ?, ?, ?, default)
2026-05-28 07:39:02 [main] DEBUG o.s.security.web.FilterChainProxy - Securing POST /invernadero
2026-05-28 07:39:02 [main] DEBUG org.hibernate.SQL - 
    /* <criteria> */ select
        u1_0.id_usuario,
        u1_0.activo,
        u1_0.apellido,
        u1_0.email,
        u1_0.fecha_registro,
        u1_0.nombre,
        u1_0.password_hash,
        u1_0.proveedor_oauth,
        u1_0.rol 
    from
        usuario u1_0 
    where
        u1_0.email=?
2026-05-28 07:39:02 [main] DEBUG o.s.security.web.FilterChainProxy - Secured POST /invernadero
2026-05-28 07:39:02 [main] DEBUG org.hibernate.SQL - 
    /* insert for
        com.invernadero.invernadero_backend.invernadero.domain.model.Invernadero */insert 
    into
        invernadero (area_m2, estado, fecha_creacion, nombre, responsable_id, tipo_estructura, ubicacion, id_invernadero) 
    values
        (?, ?, ?, ?, ?, ?, ?, default)
2026-05-28 07:39:02 [main] DEBUG o.s.security.web.FilterChainProxy - Securing PUT /invernadero/4
2026-05-28 07:39:02 [main] DEBUG org.hibernate.SQL - 
    /* <criteria> */ select
        u1_0.id_usuario,
        u1_0.activo,
        u1_0.apellido,
        u1_0.email,
        u1_0.fecha_registro,
        u1_0.nombre,
        u1_0.password_hash,
        u1_0.proveedor_oauth,
        u1_0.rol 
    from
        usuario u1_0 
    where
        u1_0.email=?
2026-05-28 07:39:02 [main] DEBUG o.s.security.web.FilterChainProxy - Secured PUT /invernadero/4
2026-05-28 07:39:02 [SpringApplicationShutdownHook] DEBUG org.hibernate.SQL - 
    drop table if exists alerta cascade 
2026-05-28 07:39:02 [SpringApplicationShutdownHook] DEBUG org.hibernate.SQL - 
    drop table if exists aplicacion_insumo cascade 
2026-05-28 07:39:02 [SpringApplicationShutdownHook] DEBUG org.hibernate.SQL - 
    drop table if exists cosecha cascade 
2026-05-28 07:39:02 [SpringApplicationShutdownHook] DEBUG org.hibernate.SQL - 
    drop table if exists cultivo cascade 
2026-05-28 07:39:02 [SpringApplicationShutdownHook] DEBUG org.hibernate.SQL - 
    drop table if exists insumo cascade 
2026-05-28 07:39:02 [SpringApplicationShutdownHook] DEBUG org.hibernate.SQL - 
    drop table if exists invernadero cascade 
2026-05-28 07:39:02 [SpringApplicationShutdownHook] DEBUG org.hibernate.SQL - 
    drop table if exists lectura_sensor cascade 
2026-05-28 07:39:02 [SpringApplicationShutdownHook] DEBUG org.hibernate.SQL - 
    drop table if exists riego cascade 
2026-05-28 07:39:02 [SpringApplicationShutdownHook] DEBUG org.hibernate.SQL - 
    drop table if exists sensor cascade 
2026-05-28 07:39:02 [SpringApplicationShutdownHook] DEBUG org.hibernate.SQL - 
    drop table if exists siembra cascade 
2026-05-28 07:39:02 [SpringApplicationShutdownHook] DEBUG org.hibernate.SQL - 
    drop table if exists usuario cascade 
2026-05-28 07:39:02 [SpringApplicationShutdownHook] DEBUG org.hibernate.SQL - 
    drop table if exists zona cascade 
2026-05-28 07:43:06 [main] INFO  c.i.i.auth.AuthControllerTest - Starting AuthControllerTest using Java 17.0.10 with PID 14836 (started by Usuario in C:\Users\Usuario\Desktop\Invernadero automatizado\Backend\invernadero-backend)
2026-05-28 07:43:06 [main] INFO  c.i.i.auth.AuthControllerTest - The following 1 profile is active: "test"
2026-05-28 07:43:09 [main] WARN  org.hibernate.orm.deprecation - HHH90000025: H2Dialect does not need to be specified explicitly using 'hibernate.dialect' (remove the property setting and it will be selected by default)
2026-05-28 07:43:10 [main] DEBUG org.hibernate.SQL - 
    drop table if exists alerta cascade 
2026-05-28 07:43:10 [main] DEBUG org.hibernate.SQL - 
    drop table if exists aplicacion_insumo cascade 
2026-05-28 07:43:10 [main] DEBUG org.hibernate.SQL - 
    drop table if exists cosecha cascade 
2026-05-28 07:43:10 [main] DEBUG org.hibernate.SQL - 
    drop table if exists cultivo cascade 
2026-05-28 07:43:10 [main] DEBUG org.hibernate.SQL - 
    drop table if exists insumo cascade 
2026-05-28 07:43:10 [main] DEBUG org.hibernate.SQL - 
    drop table if exists invernadero cascade 
2026-05-28 07:43:10 [main] DEBUG org.hibernate.SQL - 
    drop table if exists lectura_sensor cascade 
2026-05-28 07:43:10 [main] DEBUG org.hibernate.SQL - 
    drop table if exists riego cascade 
2026-05-28 07:43:10 [main] DEBUG org.hibernate.SQL - 
    drop table if exists sensor cascade 
2026-05-28 07:43:10 [main] DEBUG org.hibernate.SQL - 
    drop table if exists siembra cascade 
2026-05-28 07:43:10 [main] DEBUG org.hibernate.SQL - 
    drop table if exists usuario cascade 
2026-05-28 07:43:10 [main] DEBUG org.hibernate.SQL - 
    drop table if exists zona cascade 
2026-05-28 07:43:10 [main] DEBUG org.hibernate.SQL - 
    create table alerta (
        id_alerta integer generated by default as identity,
        id_sensor integer,
        id_zona integer,
        resuelta boolean not null,
        fecha_hora timestamp(6) not null,
        fecha_resolucion timestamp(6),
        nivel varchar(20) not null check (nivel in ('INFORMATIVA','ADVERTENCIA','CRITICA')),
        tipo_alerta varchar(50) not null check (tipo_alerta in ('TEMPERATURA_ALTA','TEMPERATURA_BAJA','HUMEDAD_ALTA','HUMEDAD_BAJA','CO2_ALTO','PH_FUERA_RANGO','FALLA_SENSOR','PLAGA_ENFERMEDAD')),
        descripcion varchar(255) not null,
        primary key (id_alerta)
    )
2026-05-28 07:43:10 [main] DEBUG org.hibernate.SQL - 
    create table aplicacion_insumo (
        cantidad numeric(38,2) not null,
        id_aplicacion integer generated by default as identity,
        id_insumo integer not null,
        id_siembra integer,
        id_usuario integer not null,
        id_zona integer,
        fecha_hora timestamp(6) not null,
        metodo varchar(50) check (metodo in ('FOLIAR','RIEGO','SUELO','INYECCION')),
        observaciones varchar(255),
        primary key (id_aplicacion)
    )
2026-05-28 07:43:10 [main] DEBUG org.hibernate.SQL - 
    create table cosecha (
        cantidad_kg numeric(38,2) not null,
        fecha_cosecha date not null,
        id_cosecha integer generated by default as identity,
        id_siembra integer not null,
        id_usuario integer not null,
        calidad varchar(20) check (calidad in ('PREMIUM','ESTANDAR','SEGUNDA','DESCARTE')),
        observaciones varchar(255),
        primary key (id_cosecha)
    )
2026-05-28 07:43:10 [main] DEBUG org.hibernate.SQL - 
    create table cultivo (
        dias_ciclo integer,
        humedad_max_pct numeric(38,2),
        humedad_min_pct numeric(38,2),
        id_cultivo integer generated by default as identity,
        temp_max_c numeric(38,2),
        temp_min_c numeric(38,2),
        tipo varchar(50) not null check (tipo in ('HORTALIZA','FRUTA','FLOR','HIERBA','OTRO')),
        nombre_comun varchar(100) not null,
        nombre_cientifico varchar(150),
        descripcion varchar(255),
        primary key (id_cultivo)
    )
2026-05-28 07:43:10 [main] DEBUG org.hibernate.SQL - 
    create table insumo (
        id_insumo integer generated by default as identity,
        stock_actual numeric(38,2) not null,
        stock_minimo numeric(38,2),
        unidad varchar(20) not null check (unidad in ('kg','g','L','mL','unidad')),
        tipo varchar(50) not null check (tipo in ('FERTILIZANTE','PESTICIDA','FUNGICIDA','SUSTRATO','AGUA','OTRO')),
        nombre varchar(100) not null,
        descripcion varchar(255),
        primary key (id_insumo)
    )
2026-05-28 07:43:10 [main] DEBUG org.hibernate.SQL - 
    create table invernadero (
        area_m2 numeric(38,2) not null,
        fecha_creacion date not null,
        id_invernadero integer generated by default as identity,
        responsable_id integer not null,
        estado varchar(20) not null check (estado in ('ACTIVO','INACTIVO','MANTENIMIENTO')),
        tipo_estructura varchar(50) check (tipo_estructura in ('VIDRIO','POLICARBONATO','MALLA','PLASTICO')),
        nombre varchar(100) not null,
        ubicacion varchar(200) not null,
        primary key (id_invernadero)
    )
2026-05-28 07:43:10 [main] DEBUG org.hibernate.SQL - 
    create table lectura_sensor (
        genera_alerta boolean not null,
        id_lectura integer generated by default as identity,
        id_sensor integer not null,
        valor numeric(38,2) not null,
        fecha_hora timestamp(6) not null,
        primary key (id_lectura)
    )
2026-05-28 07:43:10 [main] DEBUG org.hibernate.SQL - 
    create table riego (
        duracion_min integer not null,
        id_riego integer generated by default as identity,
        id_usuario integer,
        id_zona integer not null,
        volumen_litros numeric(38,2),
        fecha_hora timestamp(6) not null,
        tipo varchar(20) not null check (tipo in ('AUTOMATICO','MANUAL')),
        observaciones varchar(255),
        primary key (id_riego)
    )
2026-05-28 07:43:10 [main] DEBUG org.hibernate.SQL - 
    create table sensor (
        fecha_instalacion date,
        id_sensor integer generated by default as identity,
        id_zona integer not null,
        estado varchar(20) not null check (estado in ('ACTIVO','INACTIVO','FALLA')),
        unidad_medida varchar(20) not null,
        tipo_sensor varchar(50) not null check (tipo_sensor in ('TEMPERATURA','HUMEDAD','CO2','LUMINOSIDAD','PH','HUMEDAD_SUELO')),
        modelo varchar(100),
        primary key (id_sensor)
    )
2026-05-28 07:43:10 [main] DEBUG org.hibernate.SQL - 
    create table siembra (
        cantidad_plantas integer not null,
        fecha_cosecha_estimada date,
        fecha_siembra date not null,
        id_cultivo integer not null,
        id_siembra integer generated by default as identity,
        id_usuario integer not null,
        id_zona integer not null,
        estado varchar(30) not null check (estado in ('EN_CRECIMIENTO','COSECHADO','PERDIDO','EN_CUARENTENA')),
        observaciones varchar(255),
        primary key (id_siembra)
    )
2026-05-28 07:43:10 [main] DEBUG org.hibernate.SQL - 
    create table usuario (
        activo boolean not null,
        fecha_registro date not null,
        id_usuario integer generated by default as identity,
        proveedor_oauth varchar(30) check (proveedor_oauth in ('LOCAL','GOOGLE')),
        rol varchar(30) not null check (rol in ('ADMINISTRADOR','TECNICO','OPERARIO','VISUALIZADOR')),
        apellido varchar(100) not null,
        nombre varchar(100) not null,
        email varchar(150) not null unique,
        password_hash varchar(255),
        primary key (id_usuario)
    )
2026-05-28 07:43:10 [main] DEBUG org.hibernate.SQL - 
    create table zona (
        area_m2 numeric(38,2),
        id_invernadero integer not null,
        id_zona integer generated by default as identity,
        nombre_zona varchar(100) not null,
        descripcion varchar(255),
        primary key (id_zona)
    )
2026-05-28 07:43:10 [main] DEBUG org.hibernate.SQL - 
    alter table if exists alerta 
       add constraint FKcnl0hmvpcs6vi1d3pqbt72h5 
       foreign key (id_sensor) 
       references sensor
2026-05-28 07:43:10 [main] DEBUG org.hibernate.SQL - 
    alter table if exists alerta 
       add constraint FK5jb5wphsd1l7p0ie5bqj01xhu 
       foreign key (id_zona) 
       references zona
2026-05-28 07:43:10 [main] DEBUG org.hibernate.SQL - 
    alter table if exists aplicacion_insumo 
       add constraint FKe2pd377u4y3q4e1fo1hv2pffb 
       foreign key (id_insumo) 
       references insumo
2026-05-28 07:43:10 [main] DEBUG org.hibernate.SQL - 
    alter table if exists aplicacion_insumo 
       add constraint FKqvhpcrccp6l1oxqw8hjpuqub8 
       foreign key (id_siembra) 
       references siembra
2026-05-28 07:43:10 [main] DEBUG org.hibernate.SQL - 
    alter table if exists aplicacion_insumo 
       add constraint FK4eet376ddx3v02okd3mrsdh0e 
       foreign key (id_usuario) 
       references usuario
2026-05-28 07:43:10 [main] DEBUG org.hibernate.SQL - 
    alter table if exists aplicacion_insumo 
       add constraint FK21klspp1iynjmmb7d7jlt04oy 
       foreign key (id_zona) 
       references zona
2026-05-28 07:43:10 [main] DEBUG org.hibernate.SQL - 
    alter table if exists cosecha 
       add constraint FKsn4nbc3arfrjjew7rfvi0th44 
       foreign key (id_siembra) 
       references siembra
2026-05-28 07:43:10 [main] DEBUG org.hibernate.SQL - 
    alter table if exists cosecha 
       add constraint FKbf4vqn6dd0vw3ydcl3smngd61 
       foreign key (id_usuario) 
       references usuario
2026-05-28 07:43:10 [main] DEBUG org.hibernate.SQL - 
    alter table if exists invernadero 
       add constraint FKdxokdh0nnkeuvln4mqjofico 
       foreign key (responsable_id) 
       references usuario
2026-05-28 07:43:10 [main] DEBUG org.hibernate.SQL - 
    alter table if exists lectura_sensor 
       add constraint FK89gg88nhvva88e2q5f6q575og 
       foreign key (id_sensor) 
       references sensor
2026-05-28 07:43:10 [main] DEBUG org.hibernate.SQL - 
    alter table if exists riego 
       add constraint FKbqpr3bb2h33mcj785q02v8v2t 
       foreign key (id_usuario) 
       references usuario
2026-05-28 07:43:10 [main] DEBUG org.hibernate.SQL - 
    alter table if exists riego 
       add constraint FKbdrr4gx88k3nw5kd34gyufnd2 
       foreign key (id_zona) 
       references zona
2026-05-28 07:43:10 [main] DEBUG org.hibernate.SQL - 
    alter table if exists sensor 
       add constraint FK2393tqld5hg4hbtojlqau8h7r 
       foreign key (id_zona) 
       references zona
2026-05-28 07:43:10 [main] DEBUG org.hibernate.SQL - 
    alter table if exists siembra 
       add constraint FK9qltcv7297y3fmeabfbv8q70l 
       foreign key (id_cultivo) 
       references cultivo
2026-05-28 07:43:10 [main] DEBUG org.hibernate.SQL - 
    alter table if exists siembra 
       add constraint FK7xe7pf30qat10dxcpfhk1j2xa 
       foreign key (id_usuario) 
       references usuario
2026-05-28 07:43:10 [main] DEBUG org.hibernate.SQL - 
    alter table if exists siembra 
       add constraint FKqlch7ecw90qbqlfq179s7fa 
       foreign key (id_zona) 
       references zona
2026-05-28 07:43:10 [main] DEBUG org.hibernate.SQL - 
    alter table if exists zona 
       add constraint FK3cwosls4tdfy74xjrua5m8o4v 
       foreign key (id_invernadero) 
       references invernadero
2026-05-28 07:43:11 [main] WARN  o.s.b.a.o.j.JpaBaseConfiguration$JpaWebConfiguration - spring.jpa.open-in-view is enabled by default. Therefore, database queries may be performed during view rendering. Explicitly configure spring.jpa.open-in-view to disable this warning
2026-05-28 07:43:12 [main] INFO  o.s.s.web.DefaultSecurityFilterChain - Will secure any request with [org.springframework.security.web.session.DisableEncodeUrlFilter@53141d3f, org.springframework.security.web.context.request.async.WebAsyncManagerIntegrationFilter@16a4e4c9, org.springframework.security.web.context.SecurityContextHolderFilter@377a1763, org.springframework.security.web.header.HeaderWriterFilter@593d5f39, org.springframework.web.filter.CorsFilter@4b90f49d, org.springframework.security.web.authentication.logout.LogoutFilter@1c8d9ac9, com.invernadero.invernadero_backend.auth.infrastructure.security.JwtAuthenticationFilter@7d018c58, org.springframework.security.web.savedrequest.RequestCacheAwareFilter@387bbd7a, org.springframework.security.web.servletapi.SecurityContextHolderAwareRequestFilter@22cf6c9c, org.springframework.security.web.authentication.AnonymousAuthenticationFilter@c54e23b, org.springframework.security.web.session.SessionManagementFilter@3e5d10fc, org.springframework.security.web.access.ExceptionTranslationFilter@5128efc, org.springframework.security.web.access.intercept.AuthorizationFilter@4dc10682]
2026-05-28 07:43:12 [main] INFO  c.i.i.auth.AuthControllerTest - Started AuthControllerTest in 6.147 seconds (process running for 7.227)
2026-05-28 07:43:13 [main] DEBUG o.s.security.web.FilterChainProxy - Securing POST /auth/login
2026-05-28 07:43:13 [main] DEBUG o.s.s.w.a.AnonymousAuthenticationFilter - Set SecurityContextHolder to anonymous SecurityContext
2026-05-28 07:43:13 [main] DEBUG o.s.security.web.FilterChainProxy - Secured POST /auth/login
2026-05-28 07:43:13 [main] DEBUG org.hibernate.SQL - 
    /* <criteria> */ select
        u1_0.id_usuario,
        u1_0.activo,
        u1_0.apellido,
        u1_0.email,
        u1_0.fecha_registro,
        u1_0.nombre,
        u1_0.password_hash,
        u1_0.proveedor_oauth,
        u1_0.rol 
    from
        usuario u1_0 
    where
        u1_0.email=?
2026-05-28 07:43:13 [main] DEBUG o.s.s.a.d.DaoAuthenticationProvider - Failed to find user 'noexiste@invernadero.com'
2026-05-28 07:43:13 [main] DEBUG o.s.security.web.FilterChainProxy - Securing POST /auth/register
2026-05-28 07:43:13 [main] DEBUG o.s.s.w.a.AnonymousAuthenticationFilter - Set SecurityContextHolder to anonymous SecurityContext
2026-05-28 07:43:13 [main] DEBUG o.s.security.web.FilterChainProxy - Secured POST /auth/register
2026-05-28 07:43:13 [main] DEBUG org.hibernate.SQL - 
    /* <criteria> */ select
        u1_0.id_usuario 
    from
        usuario u1_0 
    where
        u1_0.email=? 
    fetch
        first ? rows only
2026-05-28 07:43:13 [main] DEBUG org.hibernate.SQL - 
    /* insert for
        com.invernadero.invernadero_backend.auth.domain.model.Usuario */insert 
    into
        usuario (activo, apellido, email, fecha_registro, nombre, password_hash, proveedor_oauth, rol, id_usuario) 
    values
        (?, ?, ?, ?, ?, ?, ?, ?, default)
2026-05-28 07:43:14 [main] DEBUG o.s.security.web.FilterChainProxy - Securing POST /auth/login
2026-05-28 07:43:14 [main] DEBUG o.s.s.w.a.AnonymousAuthenticationFilter - Set SecurityContextHolder to anonymous SecurityContext
2026-05-28 07:43:14 [main] DEBUG o.s.security.web.FilterChainProxy - Secured POST /auth/login
2026-05-28 07:43:14 [main] DEBUG org.hibernate.SQL - 
    /* <criteria> */ select
        u1_0.id_usuario,
        u1_0.activo,
        u1_0.apellido,
        u1_0.email,
        u1_0.fecha_registro,
        u1_0.nombre,
        u1_0.password_hash,
        u1_0.proveedor_oauth,
        u1_0.rol 
    from
        usuario u1_0 
    where
        u1_0.email=?
2026-05-28 07:43:14 [main] DEBUG o.s.s.a.d.DaoAuthenticationProvider - Authenticated user
2026-05-28 07:43:14 [main] DEBUG org.hibernate.SQL - 
    /* <criteria> */ select
        u1_0.id_usuario,
        u1_0.activo,
        u1_0.apellido,
        u1_0.email,
        u1_0.fecha_registro,
        u1_0.nombre,
        u1_0.password_hash,
        u1_0.proveedor_oauth,
        u1_0.rol 
    from
        usuario u1_0 
    where
        u1_0.email=?
2026-05-28 07:43:14 [main] DEBUG o.s.security.web.FilterChainProxy - Securing POST /auth/register
2026-05-28 07:43:14 [main] DEBUG o.s.s.w.a.AnonymousAuthenticationFilter - Set SecurityContextHolder to anonymous SecurityContext
2026-05-28 07:43:14 [main] DEBUG o.s.security.web.FilterChainProxy - Secured POST /auth/register
2026-05-28 07:43:14 [main] DEBUG org.hibernate.SQL - 
    /* <criteria> */ select
        u1_0.id_usuario 
    from
        usuario u1_0 
    where
        u1_0.email=? 
    fetch
        first ? rows only
2026-05-28 07:43:14 [main] DEBUG org.hibernate.SQL - 
    /* insert for
        com.invernadero.invernadero_backend.auth.domain.model.Usuario */insert 
    into
        usuario (activo, apellido, email, fecha_registro, nombre, password_hash, proveedor_oauth, rol, id_usuario) 
    values
        (?, ?, ?, ?, ?, ?, ?, ?, default)
2026-05-28 07:43:14 [main] DEBUG o.s.security.web.FilterChainProxy - Securing POST /auth/register
2026-05-28 07:43:14 [main] DEBUG o.s.s.w.a.AnonymousAuthenticationFilter - Set SecurityContextHolder to anonymous SecurityContext
2026-05-28 07:43:14 [main] DEBUG o.s.security.web.FilterChainProxy - Secured POST /auth/register
2026-05-28 07:43:14 [main] DEBUG org.hibernate.SQL - 
    /* <criteria> */ select
        u1_0.id_usuario 
    from
        usuario u1_0 
    where
        u1_0.email=? 
    fetch
        first ? rows only
2026-05-28 07:43:14 [main] DEBUG o.s.security.web.FilterChainProxy - Securing POST /auth/register
2026-05-28 07:43:14 [main] DEBUG o.s.s.w.a.AnonymousAuthenticationFilter - Set SecurityContextHolder to anonymous SecurityContext
2026-05-28 07:43:14 [main] DEBUG o.s.security.web.FilterChainProxy - Secured POST /auth/register
2026-05-28 07:43:14 [main] DEBUG org.hibernate.SQL - 
    /* <criteria> */ select
        u1_0.id_usuario 
    from
        usuario u1_0 
    where
        u1_0.email=? 
    fetch
        first ? rows only
2026-05-28 07:43:14 [main] DEBUG org.hibernate.SQL - 
    /* insert for
        com.invernadero.invernadero_backend.auth.domain.model.Usuario */insert 
    into
        usuario (activo, apellido, email, fecha_registro, nombre, password_hash, proveedor_oauth, rol, id_usuario) 
    values
        (?, ?, ?, ?, ?, ?, ?, ?, default)
2026-05-28 07:43:14 [main] DEBUG o.s.security.web.FilterChainProxy - Securing POST /auth/register
2026-05-28 07:43:14 [main] DEBUG o.s.s.w.a.AnonymousAuthenticationFilter - Set SecurityContextHolder to anonymous SecurityContext
2026-05-28 07:43:14 [main] DEBUG o.s.security.web.FilterChainProxy - Secured POST /auth/register
2026-05-28 07:43:14 [main] DEBUG o.s.security.web.FilterChainProxy - Securing POST /auth/register
2026-05-28 07:43:14 [main] DEBUG o.s.s.w.a.AnonymousAuthenticationFilter - Set SecurityContextHolder to anonymous SecurityContext
2026-05-28 07:43:14 [main] DEBUG o.s.security.web.FilterChainProxy - Secured POST /auth/register
2026-05-28 07:43:14 [main] DEBUG org.hibernate.SQL - 
    /* <criteria> */ select
        u1_0.id_usuario 
    from
        usuario u1_0 
    where
        u1_0.email=? 
    fetch
        first ? rows only
2026-05-28 07:43:14 [main] DEBUG org.hibernate.SQL - 
    /* insert for
        com.invernadero.invernadero_backend.auth.domain.model.Usuario */insert 
    into
        usuario (activo, apellido, email, fecha_registro, nombre, password_hash, proveedor_oauth, rol, id_usuario) 
    values
        (?, ?, ?, ?, ?, ?, ?, ?, default)
2026-05-28 07:43:14 [main] DEBUG o.s.security.web.FilterChainProxy - Securing POST /invernadero
2026-05-28 07:43:14 [main] DEBUG org.hibernate.SQL - 
    /* <criteria> */ select
        u1_0.id_usuario,
        u1_0.activo,
        u1_0.apellido,
        u1_0.email,
        u1_0.fecha_registro,
        u1_0.nombre,
        u1_0.password_hash,
        u1_0.proveedor_oauth,
        u1_0.rol 
    from
        usuario u1_0 
    where
        u1_0.email=?
2026-05-28 07:43:14 [main] DEBUG o.s.security.web.FilterChainProxy - Secured POST /invernadero
2026-05-28 07:43:14 [main] DEBUG org.hibernate.SQL - 
    /* insert for
        com.invernadero.invernadero_backend.invernadero.domain.model.Invernadero */insert 
    into
        invernadero (area_m2, estado, fecha_creacion, nombre, responsable_id, tipo_estructura, ubicacion, id_invernadero) 
    values
        (?, ?, ?, ?, ?, ?, ?, default)
2026-05-28 07:43:14 [main] DEBUG o.s.security.web.FilterChainProxy - Securing DELETE /invernadero/1
2026-05-28 07:43:14 [main] DEBUG org.hibernate.SQL - 
    /* <criteria> */ select
        u1_0.id_usuario,
        u1_0.activo,
        u1_0.apellido,
        u1_0.email,
        u1_0.fecha_registro,
        u1_0.nombre,
        u1_0.password_hash,
        u1_0.proveedor_oauth,
        u1_0.rol 
    from
        usuario u1_0 
    where
        u1_0.email=?
2026-05-28 07:43:14 [main] DEBUG o.s.security.web.FilterChainProxy - Secured DELETE /invernadero/1
2026-05-28 07:43:14 [main] DEBUG org.hibernate.SQL - 
    /* select
        count(*) 
    from
        Invernadero x 
    WHERE
        x.idInvernadero = :idInvernadero */ select
            count(*) 
        from
            invernadero i1_0 
        where
            i1_0.id_invernadero=?
2026-05-28 07:43:14 [main] DEBUG o.s.security.web.FilterChainProxy - Securing GET /invernadero/1
2026-05-28 07:43:14 [main] DEBUG org.hibernate.SQL - 
    /* <criteria> */ select
        u1_0.id_usuario,
        u1_0.activo,
        u1_0.apellido,
        u1_0.email,
        u1_0.fecha_registro,
        u1_0.nombre,
        u1_0.password_hash,
        u1_0.proveedor_oauth,
        u1_0.rol 
    from
        usuario u1_0 
    where
        u1_0.email=?
2026-05-28 07:43:14 [main] DEBUG o.s.security.web.FilterChainProxy - Secured GET /invernadero/1
2026-05-28 07:43:14 [main] DEBUG o.s.security.web.FilterChainProxy - Securing POST /auth/register
2026-05-28 07:43:14 [main] DEBUG o.s.s.w.a.AnonymousAuthenticationFilter - Set SecurityContextHolder to anonymous SecurityContext
2026-05-28 07:43:14 [main] DEBUG o.s.security.web.FilterChainProxy - Secured POST /auth/register
2026-05-28 07:43:14 [main] DEBUG org.hibernate.SQL - 
    /* <criteria> */ select
        u1_0.id_usuario 
    from
        usuario u1_0 
    where
        u1_0.email=? 
    fetch
        first ? rows only
2026-05-28 07:43:14 [main] DEBUG org.hibernate.SQL - 
    /* insert for
        com.invernadero.invernadero_backend.auth.domain.model.Usuario */insert 
    into
        usuario (activo, apellido, email, fecha_registro, nombre, password_hash, proveedor_oauth, rol, id_usuario) 
    values
        (?, ?, ?, ?, ?, ?, ?, ?, default)
2026-05-28 07:43:14 [main] DEBUG o.s.security.web.FilterChainProxy - Securing GET /invernadero
2026-05-28 07:43:14 [main] DEBUG o.s.s.w.a.AnonymousAuthenticationFilter - Set SecurityContextHolder to anonymous SecurityContext
2026-05-28 07:43:14 [main] DEBUG o.s.security.web.FilterChainProxy - Securing POST /auth/register
2026-05-28 07:43:14 [main] DEBUG o.s.s.w.a.AnonymousAuthenticationFilter - Set SecurityContextHolder to anonymous SecurityContext
2026-05-28 07:43:14 [main] DEBUG o.s.security.web.FilterChainProxy - Secured POST /auth/register
2026-05-28 07:43:14 [main] DEBUG org.hibernate.SQL - 
    /* <criteria> */ select
        u1_0.id_usuario 
    from
        usuario u1_0 
    where
        u1_0.email=? 
    fetch
        first ? rows only
2026-05-28 07:43:14 [main] DEBUG org.hibernate.SQL - 
    /* insert for
        com.invernadero.invernadero_backend.auth.domain.model.Usuario */insert 
    into
        usuario (activo, apellido, email, fecha_registro, nombre, password_hash, proveedor_oauth, rol, id_usuario) 
    values
        (?, ?, ?, ?, ?, ?, ?, ?, default)
2026-05-28 07:43:14 [main] DEBUG o.s.security.web.FilterChainProxy - Securing POST /invernadero
2026-05-28 07:43:14 [main] DEBUG org.hibernate.SQL - 
    /* <criteria> */ select
        u1_0.id_usuario,
        u1_0.activo,
        u1_0.apellido,
        u1_0.email,
        u1_0.fecha_registro,
        u1_0.nombre,
        u1_0.password_hash,
        u1_0.proveedor_oauth,
        u1_0.rol 
    from
        usuario u1_0 
    where
        u1_0.email=?
2026-05-28 07:43:14 [main] DEBUG o.s.security.web.FilterChainProxy - Secured POST /invernadero
2026-05-28 07:43:14 [main] DEBUG org.hibernate.SQL - 
    /* insert for
        com.invernadero.invernadero_backend.invernadero.domain.model.Invernadero */insert 
    into
        invernadero (area_m2, estado, fecha_creacion, nombre, responsable_id, tipo_estructura, ubicacion, id_invernadero) 
    values
        (?, ?, ?, ?, ?, ?, ?, default)
2026-05-28 07:43:14 [main] DEBUG o.s.security.web.FilterChainProxy - Securing POST /auth/register
2026-05-28 07:43:14 [main] DEBUG o.s.s.w.a.AnonymousAuthenticationFilter - Set SecurityContextHolder to anonymous SecurityContext
2026-05-28 07:43:14 [main] DEBUG o.s.security.web.FilterChainProxy - Secured POST /auth/register
2026-05-28 07:43:14 [main] DEBUG org.hibernate.SQL - 
    /* <criteria> */ select
        u1_0.id_usuario 
    from
        usuario u1_0 
    where
        u1_0.email=? 
    fetch
        first ? rows only
2026-05-28 07:43:15 [main] DEBUG org.hibernate.SQL - 
    /* insert for
        com.invernadero.invernadero_backend.auth.domain.model.Usuario */insert 
    into
        usuario (activo, apellido, email, fecha_registro, nombre, password_hash, proveedor_oauth, rol, id_usuario) 
    values
        (?, ?, ?, ?, ?, ?, ?, ?, default)
2026-05-28 07:43:15 [main] DEBUG o.s.security.web.FilterChainProxy - Securing POST /invernadero
2026-05-28 07:43:15 [main] DEBUG org.hibernate.SQL - 
    /* <criteria> */ select
        u1_0.id_usuario,
        u1_0.activo,
        u1_0.apellido,
        u1_0.email,
        u1_0.fecha_registro,
        u1_0.nombre,
        u1_0.password_hash,
        u1_0.proveedor_oauth,
        u1_0.rol 
    from
        usuario u1_0 
    where
        u1_0.email=?
2026-05-28 07:43:15 [main] DEBUG o.s.security.web.FilterChainProxy - Secured POST /invernadero
2026-05-28 07:43:15 [main] DEBUG org.hibernate.SQL - 
    /* insert for
        com.invernadero.invernadero_backend.invernadero.domain.model.Invernadero */insert 
    into
        invernadero (area_m2, estado, fecha_creacion, nombre, responsable_id, tipo_estructura, ubicacion, id_invernadero) 
    values
        (?, ?, ?, ?, ?, ?, ?, default)
2026-05-28 07:43:15 [main] DEBUG o.s.security.web.FilterChainProxy - Securing GET /invernadero
2026-05-28 07:43:15 [main] DEBUG org.hibernate.SQL - 
    /* <criteria> */ select
        u1_0.id_usuario,
        u1_0.activo,
        u1_0.apellido,
        u1_0.email,
        u1_0.fecha_registro,
        u1_0.nombre,
        u1_0.password_hash,
        u1_0.proveedor_oauth,
        u1_0.rol 
    from
        usuario u1_0 
    where
        u1_0.email=?
2026-05-28 07:43:15 [main] DEBUG o.s.security.web.FilterChainProxy - Secured GET /invernadero
2026-05-28 07:43:15 [main] DEBUG org.hibernate.SQL - 
    /* <criteria> */ select
        i1_0.id_invernadero,
        i1_0.area_m2,
        i1_0.estado,
        i1_0.fecha_creacion,
        i1_0.nombre,
        i1_0.responsable_id,
        i1_0.tipo_estructura,
        i1_0.ubicacion 
    from
        invernadero i1_0 
    offset
        ? rows 
    fetch
        first ? rows only
2026-05-28 07:43:15 [main] DEBUG o.s.security.web.FilterChainProxy - Securing POST /auth/register
2026-05-28 07:43:15 [main] DEBUG o.s.s.w.a.AnonymousAuthenticationFilter - Set SecurityContextHolder to anonymous SecurityContext
2026-05-28 07:43:15 [main] DEBUG o.s.security.web.FilterChainProxy - Secured POST /auth/register
2026-05-28 07:43:15 [main] DEBUG org.hibernate.SQL - 
    /* <criteria> */ select
        u1_0.id_usuario 
    from
        usuario u1_0 
    where
        u1_0.email=? 
    fetch
        first ? rows only
2026-05-28 07:43:15 [main] DEBUG org.hibernate.SQL - 
    /* insert for
        com.invernadero.invernadero_backend.auth.domain.model.Usuario */insert 
    into
        usuario (activo, apellido, email, fecha_registro, nombre, password_hash, proveedor_oauth, rol, id_usuario) 
    values
        (?, ?, ?, ?, ?, ?, ?, ?, default)
2026-05-28 07:43:15 [main] DEBUG o.s.security.web.FilterChainProxy - Securing POST /invernadero
2026-05-28 07:43:15 [main] DEBUG org.hibernate.SQL - 
    /* <criteria> */ select
        u1_0.id_usuario,
        u1_0.activo,
        u1_0.apellido,
        u1_0.email,
        u1_0.fecha_registro,
        u1_0.nombre,
        u1_0.password_hash,
        u1_0.proveedor_oauth,
        u1_0.rol 
    from
        usuario u1_0 
    where
        u1_0.email=?
2026-05-28 07:43:15 [main] DEBUG o.s.security.web.FilterChainProxy - Secured POST /invernadero
2026-05-28 07:43:15 [main] DEBUG org.hibernate.SQL - 
    /* insert for
        com.invernadero.invernadero_backend.invernadero.domain.model.Invernadero */insert 
    into
        invernadero (area_m2, estado, fecha_creacion, nombre, responsable_id, tipo_estructura, ubicacion, id_invernadero) 
    values
        (?, ?, ?, ?, ?, ?, ?, default)
2026-05-28 07:43:15 [main] DEBUG o.s.security.web.FilterChainProxy - Securing PUT /invernadero/4
2026-05-28 07:43:15 [main] DEBUG org.hibernate.SQL - 
    /* <criteria> */ select
        u1_0.id_usuario,
        u1_0.activo,
        u1_0.apellido,
        u1_0.email,
        u1_0.fecha_registro,
        u1_0.nombre,
        u1_0.password_hash,
        u1_0.proveedor_oauth,
        u1_0.rol 
    from
        usuario u1_0 
    where
        u1_0.email=?
2026-05-28 07:43:15 [main] DEBUG o.s.security.web.FilterChainProxy - Secured PUT /invernadero/4
2026-05-28 07:43:15 [SpringApplicationShutdownHook] DEBUG org.hibernate.SQL - 
    drop table if exists alerta cascade 
2026-05-28 07:43:15 [SpringApplicationShutdownHook] DEBUG org.hibernate.SQL - 
    drop table if exists aplicacion_insumo cascade 
2026-05-28 07:43:15 [SpringApplicationShutdownHook] DEBUG org.hibernate.SQL - 
    drop table if exists cosecha cascade 
2026-05-28 07:43:15 [SpringApplicationShutdownHook] DEBUG org.hibernate.SQL - 
    drop table if exists cultivo cascade 
2026-05-28 07:43:15 [SpringApplicationShutdownHook] DEBUG org.hibernate.SQL - 
    drop table if exists insumo cascade 
2026-05-28 07:43:15 [SpringApplicationShutdownHook] DEBUG org.hibernate.SQL - 
    drop table if exists invernadero cascade 
2026-05-28 07:43:15 [SpringApplicationShutdownHook] DEBUG org.hibernate.SQL - 
    drop table if exists lectura_sensor cascade 
2026-05-28 07:43:15 [SpringApplicationShutdownHook] DEBUG org.hibernate.SQL - 
    drop table if exists riego cascade 
2026-05-28 07:43:15 [SpringApplicationShutdownHook] DEBUG org.hibernate.SQL - 
    drop table if exists sensor cascade 
2026-05-28 07:43:15 [SpringApplicationShutdownHook] DEBUG org.hibernate.SQL - 
    drop table if exists siembra cascade 
2026-05-28 07:43:15 [SpringApplicationShutdownHook] DEBUG org.hibernate.SQL - 
    drop table if exists usuario cascade 
2026-05-28 07:43:15 [SpringApplicationShutdownHook] DEBUG org.hibernate.SQL - 
    drop table if exists zona cascade 
